Loading script...

Fri Oct 23 2020 14:27:38 GMT+0200 (GMT+02:00) - Starting tests...
Checking ucfirst
ucfirst - 'test' KO
	Unexpected behaviour : TypeError - "ucfirst" not implemented
ucfirst - ' test' KO
	Unexpected behaviour : TypeError - "ucfirst" not implemented
ucfirst - 'Test' KO
	Unexpected behaviour : TypeError - "ucfirst" not implemented
ucfirst - 'TEST' KO
	Unexpected behaviour : TypeError - "ucfirst" not implemented
ucfirst - 'null' KO
	Unexpected behaviour : TypeError - "ucfirst" not implemented
ucfirst - 'Object' KO
	Unexpected behaviour : TypeError - "ucfirst" not implemented

Checking capitalize
capitalize - 'test' OK
capitalize - ' test' OK
capitalize - 'ipsum DOLOR' KO
	expected : "Ipsum Dolor" - got "Ipsum DOLOR"
capitalize - 'sit 8met consectetur' OK
capitalize - '_dipiscing elit' OK
capitalize - 'null' KO
	Unexpected behaviour : TypeError - Cannot read property 'split' of null
capitalize - 'Object' KO
	Unexpected behaviour : TypeError - message.split is not a function

Checking camelCase
camelCase - 'toggle case is the coolest' KO
	expected : "ToggleCaseIsTheCoolest" - got "ToggleCase Is The Coolest"
camelCase - 'toggleCase is the coolest' KO
	expected : "TogglecaseIsTheCoolest" - got "ToggleCaseIs The Coolest"
camelCase - 'ToggleCase is the 3oolest' KO
	expected : "TogglecaseIsThe3oolest" - got "ToggleCaseIs The 3oolest"
camelCase - 'ToggleCaseIsTheCoolest' KO
	expected : "Togglecaseisthecoolest" - got "ToggleCaseIsTheCoolest"
camelCase - 'ToggleCase is_the coolest' KO
	expected : "TogglecaseIsTheCoolest" - got "ToggleCaseIs_the Coolest"
camelCase - ' toggleCase' KO
	expected : "Togglecase" - got "ToggleCase"
camelCase - 'null' KO
	Unexpected behaviour : TypeError - Cannot read property 'split' of null
camelCase - 'Object' KO
	Unexpected behaviour : TypeError - message.split is not a function

Checking snake_case
snake_case - 'toggle case is the coolest' KO
	expected : "toggle_case_is_the_coolest" - got "toggle_case is the coolest"
snake_case - 'toggleCase is the coolest' KO
	expected : "togglecase_is_the_coolest" - got "toggleCase_is the coolest"
snake_case - 'ToggleCase is the 3oolest' KO
	expected : "togglecase_is_the_3oolest" - got "ToggleCase_is the 3oolest"
snake_case - 'ToggleCaseIsTheCool3st' KO
	expected : "togglecaseisthecool3st" - got "ToggleCaseIsTheCool3st"
snake_case - 'ToggleCase is_the coolest' KO
	expected : "togglecase_is_the_coolest" - got "ToggleCase_is_the coolest"
snake_case - ' toggleCase' KO
	expected : "_togglecase" - got "_toggleCase"
snake_case - 'null' KO
	Unexpected behaviour : TypeError - Cannot read property 'replace' of null
snake_case - 'Object' KO
	Unexpected behaviour : TypeError - message.replace is not a function

Checking leet
leet - 'anaconda' OK
leet - 'anacoNDa' OK
leet - 'leet' OK
leet - 'yoda' OK
leet - 'evaluation' KO
	expected : "3v4l(_)4t10n" - got "3v4l(_)4ti0n"
leet - 'mon travail' KO
	expected : "m0n tr4v41l" - got "m0n tr4v4il"
leet - ' ' OK
leet - 'null' KO
	Unexpected behaviour : TypeError - Cannot read property 'allReplace' of null
leet - 'Object' KO
	Unexpected behaviour : TypeError - message.allReplace is not a function

Checking verlan
verlan - 'anaconda' OK
verlan - 'kayak' OK
verlan - 'yoda m Luke' OK
verlan - '70da m L(_)k3' OK
verlan - ' ' OK
verlan - 'null' KO
	Unexpected behaviour : TypeError - Cannot read property 'split' of null
verlan - 'Object' KO
	Unexpected behaviour : TypeError - message.split is not a function

Checking yoda
yoda - 'anaconda' OK
yoda - 'yoda m Luke' OK
yoda - 'Inverser la position des mots d’une phrase' OK
yoda - ' ' OK
yoda - 'null' KO
	Unexpected behaviour : TypeError - Cannot read property 'split' of null
yoda - 'Object' KO
	Unexpected behaviour : TypeError - message.split is not a function

Checking vig
vig - 'anticonstitutionnellement - foo' KO
	Unexpected behaviour : TypeError - "vig" not implemented
vig - 'antiConstiTutioNnellement - foo' KO
	Unexpected behaviour : TypeError - "vig" not implemented
vig - 'une phrase tres tres longue mais qui ne veut absolument rien dire car c est juste un test - nawakdecheznawak' KO
	Unexpected behaviour : TypeError - "vig" not implemented
vig - ' - test' KO
	Unexpected behaviour : TypeError - "vig" not implemented
vig - 'null - test' KO
	Unexpected behaviour : TypeError - "vig" not implemented
vig - 'Object - test' KO
	Unexpected behaviour : TypeError - "vig" not implemented

Checking prop_access
prop_access - 'path exist - value string' KO
	expected : "dog" - got "\"dog\""
prop_access - 'path exist - value object' KO
	expected : {"name":"dog"} - got "{\"name\":\"dog\"}"
prop_access - 'path exist - value array' KO
	expected : {"name":"cat"} - got "{\"name\":\"cat\"}"
prop_access - 'path not exist' KO
	expected : animal.gender not exist - got null
prop_access - 'path empty' KO
	expected : {"animal":{"type":{"name":"dog"}}} - got "Your path is not correct"
prop_access - 'object null' KO
	expected : test not exist - got null
prop_access - 'path null' KO
	expected : {"animal":{"type":{"name":"dog"}}} - got "Your path is not correct"

