Loading script...

Fri Oct 23 2020 19:17:49 GMT+0200 (GMT+02:00) - Starting tests...
Checking ucfirst
ucfirst - 'test' OK
ucfirst - ' test' OK
ucfirst - 'Test' OK
ucfirst - 'TEST' OK
ucfirst - 'null' OK
ucfirst - 'Object' OK

Checking capitalize
capitalize - 'test' OK
capitalize - ' test' OK
capitalize - 'ipsum DOLOR' OK
capitalize - 'sit 8met consectetur' OK
capitalize - '_dipiscing elit' OK
capitalize - 'null' OK
capitalize - 'Object' OK

Checking camelCase
camelCase - 'toggle case is the coolest' OK
camelCase - 'toggleCase is the coolest' OK
camelCase - 'ToggleCase is the 3oolest' OK
camelCase - 'ToggleCaseIsTheCoolest' OK
camelCase - 'ToggleCase is_the coolest' KO
	expected : "TogglecaseIsTheCoolest" - got "TogglecaseIs_theCoolest"
camelCase - ' toggleCase' OK
camelCase - 'null' OK
camelCase - 'Object' OK

Checking snake_case
snake_case - 'toggle case is the coolest' OK
snake_case - 'toggleCase is the coolest' KO
	expected : "togglecase_is_the_coolest" - got "toggleCase_is_the_coolest"
snake_case - 'ToggleCase is the 3oolest' KO
	expected : "togglecase_is_the_3oolest" - got "ToggleCase_is_the_3oolest"
snake_case - 'ToggleCaseIsTheCool3st' KO
	expected : "togglecaseisthecool3st" - got "ToggleCaseIsTheCool3st"
snake_case - 'ToggleCase is_the coolest' KO
	expected : "togglecase_is_the_coolest" - got "ToggleCase_is_the_coolest"
snake_case - ' toggleCase' KO
	expected : "_togglecase" - got "_toggleCase"
snake_case - 'null' OK
snake_case - 'Object' OK

Checking leet
leet - 'anaconda' KO
	expected : "4n4c0nd4" - got "anac0nda"
leet - 'anacoNDa' KO
	expected : "4n4c0ND4" - got "anac0NDa"
leet - 'leet' OK
leet - 'yoda' KO
	expected : "70d4" - got "70da"
leet - 'evaluation' KO
	expected : "3v4l(_)4t10n" - got "3val(_)at10n"
leet - 'mon travail' KO
	expected : "m0n tr4v41l" - got "m0n trava1l"
leet - ' ' OK
leet - 'null' OK
leet - 'Object' OK

Checking verlan
verlan - 'anaconda' OK
verlan - 'kayak' OK
verlan - 'yoda m Luke' KO
	expected : "adoy m ekuL" - got "ekuL m adoy"
verlan - '70da m L(_)k3' KO
	expected : "ad07 m 3k)_(L" - got "3k)_(L m ad07"
verlan - ' ' OK
verlan - 'null' OK
verlan - 'Object' OK

Checking yoda
yoda - 'anaconda' OK
yoda - 'yoda m Luke' OK
yoda - 'Inverser la position des mots d’une phrase' OK
yoda - ' ' OK
yoda - 'null' OK
yoda - 'Object' OK

Checking vig
vig - 'anticonstitutionnellement - foo' KO
	expected : "fbhnqcsghnhiywcsbsqzsrsby" - got undefined
vig - 'antiConstiTutioNnellement - foo' KO
	expected : "fbhnqcsghnhiywcsbsqzsrsby" - got undefined
vig - 'une phrase tres tres longue mais qui ne veut absolument rien dire car c est juste un test - nawakdecheznawak' KO
	expected : "hna prueul xqrs prof lknqxi ohmr due no ieqt kewqsylrnp rsrn zibh gcy g dft fucge qn dhwv" - got undefined
vig - ' - test' KO
	expected : " " - got undefined
vig - 'null - test' KO
	expected : "" - got undefined
vig - 'Object - test' KO
	expected : "" - got undefined

Checking prop_access
prop_access - 'path exist - value string' OK
prop_access - 'path exist - value object' OK
prop_access - 'path exist - value array' OK
prop_access - 'path not exist' KO
	expected : animal.gender not exist - got null
prop_access - 'path empty' OK
prop_access - 'object null' KO
	Unexpected behaviour : TypeError - Cannot read property 'test' of null
prop_access - 'path null' OK

