Loading script...

Fri Oct 23 2020 15:14:14 GMT+0200 (GMT+02:00) - Starting tests...
Checking ucfirst
ucfirst - 'test' OK
ucfirst - ' test' OK
ucfirst - 'Test' OK
ucfirst - 'TEST' OK
ucfirst - 'null' KO
	Unexpected behaviour : ReferenceError - element is not defined
ucfirst - 'Object' KO
	Unexpected behaviour : ReferenceError - element is not defined

Checking capitalize
capitalize - 'test' OK
capitalize - ' test' KO
	Unexpected behaviour : ReferenceError - element is not defined
capitalize - 'ipsum DOLOR' OK
capitalize - 'sit 8met consectetur' OK
capitalize - '_dipiscing elit' OK
capitalize - 'null' KO
	Unexpected behaviour : ReferenceError - element is not defined
capitalize - 'Object' KO
	Unexpected behaviour : ReferenceError - element is not defined

Checking camelCase
camelCase - 'toggle case is the coolest' KO
	expected : "ToggleCaseIsTheCoolest" - got "Toggle Case Is The Coolest"
camelCase - 'toggleCase is the coolest' KO
	expected : "TogglecaseIsTheCoolest" - got "Togglecase Is The Coolest"
camelCase - 'ToggleCase is the 3oolest' KO
	expected : "TogglecaseIsThe3oolest" - got "Togglecase Is The 3oolest"
camelCase - 'ToggleCaseIsTheCoolest' OK
camelCase - 'ToggleCase is_the coolest' KO
	expected : "TogglecaseIsTheCoolest" - got "Togglecase Is_the Coolest"
camelCase - ' toggleCase' KO
	Unexpected behaviour : ReferenceError - element is not defined
camelCase - 'null' KO
	Unexpected behaviour : ReferenceError - element is not defined
camelCase - 'Object' KO
	Unexpected behaviour : ReferenceError - element is not defined

Checking snake_case
snake_case - 'toggle case is the coolest' KO
	expected : "toggle_case_is_the_coolest" - got "toggle_case is the coolest"
snake_case - 'toggleCase is the coolest' KO
	expected : "togglecase_is_the_coolest" - got "toggleCase_is the coolest"
snake_case - 'ToggleCase is the 3oolest' KO
	expected : "togglecase_is_the_3oolest" - got "ToggleCase_is the 3oolest"
snake_case - 'ToggleCaseIsTheCool3st' KO
	expected : "togglecaseisthecool3st" - got "ToggleCaseIsTheCool3st"
snake_case - 'ToggleCase is_the coolest' KO
	expected : "togglecase_is_the_coolest" - got "ToggleCase_is_the coolest"
snake_case - ' toggleCase' KO
	expected : "_togglecase" - got "_toggleCase"
snake_case - 'null' OK
snake_case - 'Object' OK

Checking leet
leet - 'anaconda' OK
leet - 'anacoNDa' OK
leet - 'leet' OK
leet - 'yoda' OK
leet - 'evaluation' OK
leet - 'mon travail' OK
leet - ' ' OK
leet - 'null' KO
	Unexpected behaviour : TypeError - Cannot read property 'replace' of null
leet - 'Object' KO
	Unexpected behaviour : TypeError - str.replace is not a function

Checking verlan
verlan - 'anaconda' OK
verlan - 'kayak' OK
verlan - 'yoda m Luke' OK
verlan - '70da m L(_)k3' OK
verlan - ' ' OK
verlan - 'null' OK
verlan - 'Object' OK

Checking yoda
yoda - 'anaconda' OK
yoda - 'yoda m Luke' OK
yoda - 'Inverser la position des mots d’une phrase' OK
yoda - ' ' OK
yoda - 'null' OK
yoda - 'Object' OK

Checking vig
vig - 'anticonstitutionnellement - foo' KO
	Unexpected behaviour : TypeError - "vig" not implemented
vig - 'antiConstiTutioNnellement - foo' KO
	Unexpected behaviour : TypeError - "vig" not implemented
vig - 'une phrase tres tres longue mais qui ne veut absolument rien dire car c est juste un test - nawakdecheznawak' KO
	Unexpected behaviour : TypeError - "vig" not implemented
vig - ' - test' KO
	Unexpected behaviour : TypeError - "vig" not implemented
vig - 'null - test' KO
	Unexpected behaviour : TypeError - "vig" not implemented
vig - 'Object - test' KO
	Unexpected behaviour : TypeError - "vig" not implemented

Checking prop_access
prop_access - 'path exist - value string' KO
	expected : "dog" - got "\"dog\""
prop_access - 'path exist - value object' KO
	expected : {"name":"dog"} - got "{\"name\":\"dog\"}"
prop_access - 'path exist - value array' KO
	expected : {"name":"cat"} - got "{\"name\":\"cat\"}"
prop_access - 'path not exist' KO
	expected : animal.gender not exist - got null
prop_access - 'path empty' OK
prop_access - 'object null' KO
	expected : test not exist - got null
prop_access - 'path null' OK

