Loading script...

Fri Oct 23 2020 19:09:01 GMT+0200 (GMT+02:00) - Starting tests...
Checking ucfirst
ucfirst - 'test' OK
ucfirst - ' test' OK
ucfirst - 'Test' OK
ucfirst - 'TEST' OK
ucfirst - 'null' OK
ucfirst - 'Object' OK

Checking capitalize
capitalize - 'test' OK
capitalize - ' test' OK
capitalize - 'ipsum DOLOR' OK
capitalize - 'sit 8met consectetur' OK
capitalize - '_dipiscing elit' OK
capitalize - 'null' OK
capitalize - 'Object' OK

Checking camelCase
camelCase - 'toggle case is the coolest' OK
camelCase - 'toggleCase is the coolest' OK
camelCase - 'ToggleCase is the 3oolest' OK
camelCase - 'ToggleCaseIsTheCoolest' OK
camelCase - 'ToggleCase is_the coolest' KO
	expected : "TogglecaseIsTheCoolest" - got "TogglecaseIs_theCoolest"
camelCase - ' toggleCase' OK
camelCase - 'null' OK
camelCase - 'Object' OK

Checking snake_case
snake_case - 'toggle case is the coolest' KO
	expected : "toggle_case_is_the_coolest" - got "toggle-case-is-the-coolest"
snake_case - 'toggleCase is the coolest' KO
	expected : "togglecase_is_the_coolest" - got "togglecase-is-the-coolest"
snake_case - 'ToggleCase is the 3oolest' KO
	expected : "togglecase_is_the_3oolest" - got "togglecase-is-the-3oolest"
snake_case - 'ToggleCaseIsTheCool3st' OK
snake_case - 'ToggleCase is_the coolest' KO
	expected : "togglecase_is_the_coolest" - got "togglecase-is_the-coolest"
snake_case - ' toggleCase' KO
	expected : "_togglecase" - got "-togglecase"
snake_case - 'null' KO
	Unexpected behaviour : TypeError - Cannot read property 'toLowerCase' of null
snake_case - 'Object' KO
	Unexpected behaviour : TypeError - chaine.toLowerCase is not a function

Checking leet
leet - 'anaconda' OK
leet - 'anacoNDa' OK
leet - 'leet' OK
leet - 'yoda' OK
leet - 'evaluation' OK
leet - 'mon travail' OK
leet - ' ' OK
leet - 'null' KO
	Unexpected behaviour : TypeError - Cannot read property 'replace' of null
leet - 'Object' KO
	Unexpected behaviour : TypeError - chaine.replace is not a function

Checking verlan
verlan - 'anaconda' OK
verlan - 'kayak' OK
verlan - 'yoda m Luke' OK
verlan - '70da m L(_)k3' OK
verlan - ' ' OK
verlan - 'null' KO
	Unexpected behaviour : TypeError - Cannot read property 'split' of null
verlan - 'Object' KO
	Unexpected behaviour : TypeError - chaine.split is not a function

Checking yoda
yoda - 'anaconda' OK
yoda - 'yoda m Luke' OK
yoda - 'Inverser la position des mots d’une phrase' OK
yoda - ' ' OK
yoda - 'null' KO
	Unexpected behaviour : TypeError - Cannot read property 'split' of null
yoda - 'Object' KO
	Unexpected behaviour : TypeError - chaine.split is not a function

Checking vig
vig - 'anticonstitutionnellement - foo' OK
vig - 'antiConstiTutioNnellement - foo' OK
vig - 'une phrase tres tres longue mais qui ne veut absolument rien dire car c est juste un test - nawakdecheznawak' OK
vig - ' - test' OK
vig - 'null - test' OK
vig - 'Object - test' OK

Checking prop_access
prop_access - 'path exist - value string' OK
prop_access - 'path exist - value object' OK
prop_access - 'path exist - value array' OK
prop_access - 'path not exist' KO
	expected : animal.gender not exist - got null
prop_access - 'path empty' KO
	expected : {"animal":{"type":{"name":"dog"}}} - got " not exist"
prop_access - 'object null' KO
	Unexpected behaviour : TypeError - Cannot use 'in' operator to search for 'test' in null
prop_access - 'path null' OK

