Loading script...

Wed Oct 21 2020 18:33:58 GMT+0200 (GMT+02:00) - Starting tests...
Checking type_check_v1
type_check_v1 - 'number' KO
	expected : true - got false
type_check_v1 - 'StringNotNumber' OK
type_check_v1 - 'BooleanNotNumber' OK
type_check_v1 - 'object' KO
	expected : true - got false
type_check_v1 - 'null' OK
type_check_v1 - 'nullNotObject' KO
	expected : false - got true
type_check_v1 - 'undefined' OK
type_check_v1 - 'string' OK
type_check_v1 - 'array' OK
type_check_v1 - 'function' OK
type_check_v1 - 'arrayNotObject' KO
	expected : false - got true

Checking type_check_v2
type_check_v2 - 'number' KO
	expected : true - got false
type_check_v2 - 'numberNotValue' OK
type_check_v2 - 'numberNotObject' OK
type_check_v2 - 'stringEnum' OK
type_check_v2 - 'objectMatch' KO
	expected : true - got false
type_check_v2 - 'objectNotMatch' OK

Checking type_check
type_check - 'number' KO
	Unexpected behaviour : TypeError - arg.map is not a function
type_check - 'numberNotValue' KO
	Unexpected behaviour : TypeError - arg.map is not a function
type_check - 'numberNotObject' KO
	Unexpected behaviour : TypeError - arg.map is not a function
type_check - 'stringEnum' KO
	Unexpected behaviour : TypeError - arg.map is not a function
type_check - 'objectMatch' KO
	Unexpected behaviour : TypeError - arg.map is not a function
type_check - 'objectNotMatch' KO
	Unexpected behaviour : TypeError - arg.map is not a function
type_check - 'objectSuperMatch' KO
	Unexpected behaviour : TypeError - arg.map is not a function

