Loading script...

Fri Oct 23 2020 17:59:22 GMT+0200 (GMT+02:00) - Starting tests...
Checking type_check_v1
type_check_v1 - 'number' OK
type_check_v1 - 'StringNotNumber' OK
type_check_v1 - 'BooleanNotNumber' OK
type_check_v1 - 'object' OK
type_check_v1 - 'null' OK
type_check_v1 - 'nullNotObject' OK
type_check_v1 - 'undefined' KO
	expected : true - got false
type_check_v1 - 'string' OK
type_check_v1 - 'array' OK
type_check_v1 - 'function' KO
	expected : true - got false
type_check_v1 - 'arrayNotObject' OK

Checking type_check_v2
type_check_v2 - 'number' OK
type_check_v2 - 'numberNotValue' KO
	expected : false - got true
type_check_v2 - 'numberNotObject' OK
type_check_v2 - 'stringEnum' KO
	expected : false - got true
type_check_v2 - 'objectMatch' OK
type_check_v2 - 'objectNotMatch' KO
	expected : false - got true

Checking type_check
type_check - 'number' OK
type_check - 'numberNotValue' KO
	expected : false - got true
type_check - 'numberNotObject' OK
type_check - 'stringEnum' KO
	expected : false - got true
type_check - 'objectMatch' OK
type_check - 'objectNotMatch' KO
	expected : false - got true
type_check - 'objectSuperMatch' KO
	Unexpected behaviour : TypeError - arg2.properties.forEach is not a function

