Loading script...

Fri Oct 23 2020 20:34:05 GMT+0200 (GMT+02:00) - Starting tests...
Checking type_check_v1
type_check_v1 - 'number' KO
	expected : true - got false
type_check_v1 - 'StringNotNumber' OK
type_check_v1 - 'BooleanNotNumber' OK
type_check_v1 - 'object' KO
	expected : true - got false
type_check_v1 - 'null' KO
	Unexpected behaviour : ReferenceError - val is not defined
type_check_v1 - 'nullNotObject' OK
type_check_v1 - 'undefined' OK
type_check_v1 - 'string' KO
	expected : true - got false
type_check_v1 - 'array' OK
type_check_v1 - 'function' KO
	Unexpected behaviour : ReferenceError - val is not defined
type_check_v1 - 'arrayNotObject' OK

Checking type_check_v2
type_check_v2 - 'number' KO
	expected : true - got false
type_check_v2 - 'numberNotValue' OK
type_check_v2 - 'numberNotObject' OK
type_check_v2 - 'stringEnum' OK
type_check_v2 - 'objectMatch' KO
	expected : true - got false
type_check_v2 - 'objectNotMatch' OK

Checking type_check
type_check - 'number' KO
	expected : true - got false
type_check - 'numberNotValue' OK
type_check - 'numberNotObject' OK
type_check - 'stringEnum' OK
type_check - 'objectMatch' KO
	expected : true - got false
type_check - 'objectNotMatch' OK
type_check - 'objectSuperMatch' KO
	Unexpected behaviour : TypeError - Assignment to constant variable.

