Loading script...

Fri Oct 23 2020 18:18:08 GMT+0200 (GMT+02:00) - Starting tests...
Checking type_check_v1
type_check_v1 - 'number' OK
type_check_v1 - 'StringNotNumber' OK
type_check_v1 - 'BooleanNotNumber' OK
type_check_v1 - 'object' OK
type_check_v1 - 'null' KO
	expected : true - got false
type_check_v1 - 'nullNotObject' KO
	expected : false - got true
type_check_v1 - 'undefined' KO
	expected : true - got false
type_check_v1 - 'string' OK
type_check_v1 - 'array' KO
	Unexpected behaviour : TypeError - value.isArray is not a function
type_check_v1 - 'function' KO
	expected : true - got false
type_check_v1 - 'arrayNotObject' KO
	expected : false - got true

Checking type_check_v2
type_check_v2 - 'number' OK
type_check_v2 - 'numberNotValue' OK
type_check_v2 - 'numberNotObject' OK
type_check_v2 - 'stringEnum' OK
type_check_v2 - 'objectMatch' KO
	expected : true - got false
type_check_v2 - 'objectNotMatch' OK

Checking type_check
type_check - 'number' KO
	Unexpected behaviour : RangeError - Maximum call stack size exceeded
type_check - 'numberNotValue' KO
	Unexpected behaviour : RangeError - Maximum call stack size exceeded
type_check - 'numberNotObject' KO
	Unexpected behaviour : RangeError - Maximum call stack size exceeded
type_check - 'stringEnum' KO
	Unexpected behaviour : RangeError - Maximum call stack size exceeded
type_check - 'objectMatch' KO
	expected : true - got undefined
type_check - 'objectNotMatch' KO
	expected : false - got undefined
type_check - 'objectSuperMatch' KO
	expected : true - got undefined

