Loading script...

Wed Oct 21 2020 16:04:54 GMT+0200 (GMT+02:00) - Starting tests...
Checking ucfirst
ucfirst - 'test' OK
ucfirst - ' test' OK
ucfirst - 'Test' OK
ucfirst - 'TEST' OK
ucfirst - 'null' OK
ucfirst - 'Object' OK

Checking capitalize
capitalize - 'test' KO
	Unexpected behaviour : ReferenceError - value is not defined
capitalize - ' test' KO
	Unexpected behaviour : ReferenceError - value is not defined
capitalize - 'ipsum DOLOR' KO
	Unexpected behaviour : ReferenceError - value is not defined
capitalize - 'sit 8met consectetur' KO
	Unexpected behaviour : ReferenceError - value is not defined
capitalize - '_dipiscing elit' KO
	Unexpected behaviour : ReferenceError - value is not defined
capitalize - 'null' OK
capitalize - 'Object' OK

Checking camelCase
camelCase - 'toggle case is the coolest' KO
	Unexpected behaviour : ReferenceError - value is not defined
camelCase - 'toggleCase is the coolest' KO
	Unexpected behaviour : ReferenceError - value is not defined
camelCase - 'ToggleCase is the 3oolest' KO
	Unexpected behaviour : ReferenceError - value is not defined
camelCase - 'ToggleCaseIsTheCoolest' KO
	Unexpected behaviour : ReferenceError - value is not defined
camelCase - 'ToggleCase is_the coolest' KO
	Unexpected behaviour : ReferenceError - value is not defined
camelCase - ' toggleCase' KO
	Unexpected behaviour : ReferenceError - value is not defined
camelCase - 'null' OK
camelCase - 'Object' OK

Checking snake_case
snake_case - 'toggle case is the coolest' KO
	Unexpected behaviour : ReferenceError - value is not defined
snake_case - 'toggleCase is the coolest' KO
	Unexpected behaviour : ReferenceError - value is not defined
snake_case - 'ToggleCase is the 3oolest' KO
	Unexpected behaviour : ReferenceError - value is not defined
snake_case - 'ToggleCaseIsTheCool3st' KO
	Unexpected behaviour : ReferenceError - value is not defined
snake_case - 'ToggleCase is_the coolest' KO
	Unexpected behaviour : ReferenceError - value is not defined
snake_case - ' toggleCase' KO
	Unexpected behaviour : ReferenceError - value is not defined
snake_case - 'null' OK
snake_case - 'Object' OK

Checking leet
leet - 'anaconda' KO
	Unexpected behaviour : ReferenceError - value is not defined
leet - 'anacoNDa' KO
	Unexpected behaviour : ReferenceError - value is not defined
leet - 'leet' KO
	Unexpected behaviour : ReferenceError - value is not defined
leet - 'yoda' KO
	Unexpected behaviour : ReferenceError - value is not defined
leet - 'evaluation' KO
	Unexpected behaviour : ReferenceError - value is not defined
leet - 'mon travail' KO
	Unexpected behaviour : ReferenceError - value is not defined
leet - ' ' KO
	Unexpected behaviour : ReferenceError - value is not defined
leet - 'null' OK
leet - 'Object' OK

Checking verlan
verlan - 'anaconda' KO
	Unexpected behaviour : ReferenceError - value is not defined
verlan - 'kayak' KO
	Unexpected behaviour : ReferenceError - value is not defined
verlan - 'yoda m Luke' KO
	Unexpected behaviour : ReferenceError - value is not defined
verlan - '70da m L(_)k3' KO
	Unexpected behaviour : ReferenceError - value is not defined
verlan - ' ' KO
	Unexpected behaviour : ReferenceError - value is not defined
verlan - 'null' OK
verlan - 'Object' OK

Checking yoda
yoda - 'anaconda' KO
	Unexpected behaviour : ReferenceError - value is not defined
yoda - 'yoda m Luke' KO
	Unexpected behaviour : ReferenceError - value is not defined
yoda - 'Inverser la position des mots d’une phrase' KO
	Unexpected behaviour : ReferenceError - value is not defined
yoda - ' ' KO
	Unexpected behaviour : ReferenceError - value is not defined
yoda - 'null' OK
yoda - 'Object' OK

Checking vig
vig - 'anticonstitutionnellement - foo' KO
	Unexpected behaviour : TypeError - "vig" not implemented
vig - 'antiConstiTutioNnellement - foo' KO
	Unexpected behaviour : TypeError - "vig" not implemented
vig - 'une phrase tres tres longue mais qui ne veut absolument rien dire car c est juste un test - nawakdecheznawak' KO
	Unexpected behaviour : TypeError - "vig" not implemented
vig - ' - test' KO
	Unexpected behaviour : TypeError - "vig" not implemented
vig - 'null - test' KO
	Unexpected behaviour : TypeError - "vig" not implemented
vig - 'Object - test' KO
	Unexpected behaviour : TypeError - "vig" not implemented

Checking prop_access
prop_access - 'path exist - value string' KO
	expected : "dog" - got undefined
prop_access - 'path exist - value object' KO
	expected : {"name":"dog"} - got undefined
prop_access - 'path exist - value array' KO
	expected : {"name":"cat"} - got undefined
prop_access - 'path not exist' KO
	expected : animal.gender not exist - got null
prop_access - 'path empty' KO
	expected : {"animal":{"type":{"name":"dog"}}} - got undefined
prop_access - 'object null' KO
	expected : test not exist - got null
prop_access - 'path null' KO
	expected : {"animal":{"type":{"name":"dog"}}} - got undefined

