Loading script...

Wed Oct 21 2020 09:16:29 GMT+0200 (GMT+02:00) - Starting tests...
Checking ucfirst
ucfirst - 'test' OK
ucfirst - ' test' OK
ucfirst - 'Test' OK
ucfirst - 'TEST' OK
ucfirst - 'null' OK
ucfirst - 'Object' OK

Checking capitalize
capitalize - 'test' KO
	expected : "Test" - got "test"
capitalize - ' test' KO
	expected : " Test" - got " test"
capitalize - 'ipsum DOLOR' KO
	expected : "Ipsum Dolor" - got "ipsum dolor"
capitalize - 'sit 8met consectetur' KO
	expected : "Sit 8met Consectetur" - got "sit 8met consectetur"
capitalize - '_dipiscing elit' KO
	expected : "_dipiscing Elit" - got "_dipiscing elit"
capitalize - 'null' OK
capitalize - 'Object' OK

Checking camelCase
camelCase - 'toggle case is the coolest' KO
	expected : "ToggleCaseIsTheCoolest" - got "togglecaseisthecoolest"
camelCase - 'toggleCase is the coolest' KO
	expected : "TogglecaseIsTheCoolest" - got "togglecaseisthecoolest"
camelCase - 'ToggleCase is the 3oolest' KO
	expected : "TogglecaseIsThe3oolest" - got "togglecaseisthe3oolest"
camelCase - 'ToggleCaseIsTheCoolest' KO
	expected : "Togglecaseisthecoolest" - got "togglecaseisthecoolest"
camelCase - 'ToggleCase is_the coolest' KO
	expected : "TogglecaseIsTheCoolest" - got "togglecaseis_thecoolest"
camelCase - ' toggleCase' KO
	expected : "Togglecase" - got "togglecase"
camelCase - 'null' OK
camelCase - 'Object' OK

Checking snake_case
snake_case - 'toggle case is the coolest' OK
snake_case - 'toggleCase is the coolest' KO
	expected : "togglecase_is_the_coolest" - got "toggleCase_is_the_coolest"
snake_case - 'ToggleCase is the 3oolest' KO
	expected : "togglecase_is_the_3oolest" - got "ToggleCase_is_the_3oolest"
snake_case - 'ToggleCaseIsTheCool3st' KO
	expected : "togglecaseisthecool3st" - got "ToggleCaseIsTheCool3st"
snake_case - 'ToggleCase is_the coolest' KO
	expected : "togglecase_is_the_coolest" - got "ToggleCase_is_the_coolest"
snake_case - ' toggleCase' KO
	expected : "_togglecase" - got "_toggleCase"
snake_case - 'null' OK
snake_case - 'Object' OK

Checking leet
leet - 'anaconda' OK
leet - 'anacoNDa' OK
leet - 'leet' OK
leet - 'yoda' OK
leet - 'evaluation' OK
leet - 'mon travail' OK
leet - ' ' OK
leet - 'null' OK
leet - 'Object' OK

Checking verlan
verlan - 'anaconda' OK
verlan - 'kayak' OK
verlan - 'yoda m Luke' OK
verlan - '70da m L(_)k3' OK
verlan - ' ' OK
verlan - 'null' OK
verlan - 'Object' OK

Checking yoda
yoda - 'anaconda' OK
yoda - 'yoda m Luke' OK
yoda - 'Inverser la position des mots d’une phrase' OK
yoda - ' ' OK
yoda - 'null' OK
yoda - 'Object' OK

Checking vig
vig - 'anticonstitutionnellement - foo' KO
	expected : "fbhnqcsghnhiywcsbsqzsrsby" - got "anticonstitutionnellement"
vig - 'antiConstiTutioNnellement - foo' KO
	expected : "fbhnqcsghnhiywcsbsqzsrsby" - got "antiConstiTutioNnellement"
vig - 'une phrase tres tres longue mais qui ne veut absolument rien dire car c est juste un test - nawakdecheznawak' KO
	expected : "hna prueul xqrs prof lknqxi ohmr due no ieqt kewqsylrnp rsrn zibh gcy g dft fucge qn dhwv" - got "test un juste est c car dire rien absolument veut ne qui mais longue tres tres phrase une"
vig - ' - test' OK
vig - 'null - test' OK
vig - 'Object - test' OK

Checking prop_access
prop_access - 'path exist - value string' KO
	Unexpected behaviour : TypeError - "prop_access" not implemented
prop_access - 'path exist - value object' KO
	Unexpected behaviour : TypeError - "prop_access" not implemented
prop_access - 'path exist - value array' KO
	Unexpected behaviour : TypeError - "prop_access" not implemented
prop_access - 'path not exist' KO
	Unexpected behaviour : TypeError - "prop_access" not implemented
prop_access - 'path empty' KO
	Unexpected behaviour : TypeError - "prop_access" not implemented
prop_access - 'object null' KO
	Unexpected behaviour : TypeError - "prop_access" not implemented
prop_access - 'path null' KO
	Unexpected behaviour : TypeError - "prop_access" not implemented

