Loading script...

Wed Oct 21 2020 09:15:00 GMT+0200 (GMT+02:00) - Starting tests...
Checking ucfirst
ucfirst - 'test' OK
ucfirst - ' test' OK
ucfirst - 'Test' OK
ucfirst - 'TEST' OK
ucfirst - 'null' OK
ucfirst - 'Object' OK

Checking capitalize
capitalize - 'test' KO
	expected : "Test" - got "Test "
capitalize - ' test' KO
	expected : " Test" - got " Test "
capitalize - 'ipsum DOLOR' KO
	expected : "Ipsum Dolor" - got "Ipsum DOLOR "
capitalize - 'sit 8met consectetur' KO
	expected : "Sit 8met Consectetur" - got "Sit 8met Consectetur "
capitalize - '_dipiscing elit' KO
	expected : "_dipiscing Elit" - got "_dipiscing Elit "
capitalize - 'null' OK
capitalize - 'Object' OK

Checking camelCase
camelCase - 'toggle case is the coolest' OK
camelCase - 'toggleCase is the coolest' KO
	expected : "TogglecaseIsTheCoolest" - got "ToggleCaseIsTheCoolest"
camelCase - 'ToggleCase is the 3oolest' KO
	expected : "TogglecaseIsThe3oolest" - got "ToggleCaseIsThe3oolest"
camelCase - 'ToggleCaseIsTheCoolest' KO
	expected : "Togglecaseisthecoolest" - got "ToggleCaseIsTheCoolest"
camelCase - 'ToggleCase is_the coolest' KO
	expected : "TogglecaseIsTheCoolest" - got "ToggleCaseIs_theCoolest"
camelCase - ' toggleCase' KO
	expected : "Togglecase" - got "ToggleCase"
camelCase - 'null' OK
camelCase - 'Object' OK

Checking snake_case
snake_case - 'toggle case is the coolest' OK
snake_case - 'toggleCase is the coolest' OK
snake_case - 'ToggleCase is the 3oolest' OK
snake_case - 'ToggleCaseIsTheCool3st' OK
snake_case - 'ToggleCase is_the coolest' OK
snake_case - ' toggleCase' OK
snake_case - 'null' OK
snake_case - 'Object' OK

Checking leet
leet - 'anaconda' KO
	expected : "4n4c0nd4" - got undefined
leet - 'anacoNDa' KO
	expected : "4n4c0ND4" - got undefined
leet - 'leet' KO
	expected : "l33t" - got undefined
leet - 'yoda' KO
	expected : "70d4" - got undefined
leet - 'evaluation' KO
	expected : "3v4l(_)4t10n" - got undefined
leet - 'mon travail' KO
	expected : "m0n tr4v41l" - got undefined
leet - ' ' KO
	expected : " " - got undefined
leet - 'null' OK
leet - 'Object' OK

Checking verlan
verlan - 'anaconda' KO
	expected : "adnocana" - got undefined
verlan - 'kayak' KO
	expected : "kayak" - got undefined
verlan - 'yoda m Luke' KO
	expected : "adoy m ekuL" - got undefined
verlan - '70da m L(_)k3' KO
	expected : "ad07 m 3k)_(L" - got undefined
verlan - ' ' KO
	expected : " " - got undefined
verlan - 'null' OK
verlan - 'Object' OK

Checking yoda
yoda - 'anaconda' KO
	expected : "anaconda" - got undefined
yoda - 'yoda m Luke' KO
	expected : "Luke m yoda" - got undefined
yoda - 'Inverser la position des mots d’une phrase' KO
	expected : "phrase d’une mots des position la Inverser" - got undefined
yoda - ' ' KO
	expected : " " - got undefined
yoda - 'null' OK
yoda - 'Object' OK

Checking vig
vig - 'anticonstitutionnellement - foo' KO
	expected : "fbhnqcsghnhiywcsbsqzsrsby" - got undefined
vig - 'antiConstiTutioNnellement - foo' KO
	expected : "fbhnqcsghnhiywcsbsqzsrsby" - got undefined
vig - 'une phrase tres tres longue mais qui ne veut absolument rien dire car c est juste un test - nawakdecheznawak' KO
	expected : "hna prueul xqrs prof lknqxi ohmr due no ieqt kewqsylrnp rsrn zibh gcy g dft fucge qn dhwv" - got undefined
vig - ' - test' KO
	expected : " " - got undefined
vig - 'null - test' OK
vig - 'Object - test' OK

Checking prop_access
prop_access - 'path exist - value string' KO
	expected : "dog" - got ""
prop_access - 'path exist - value object' KO
	expected : {"name":"dog"} - got ""
prop_access - 'path exist - value array' KO
	expected : {"name":"cat"} - got ""
prop_access - 'path not exist' KO
	expected : animal.gender not exist - got null
prop_access - 'path empty' KO
	expected : {"animal":{"type":{"name":"dog"}}} - got ""
prop_access - 'object null' KO
	expected : test not exist - got null
prop_access - 'path null' KO
	expected : {"animal":{"type":{"name":"dog"}}} - got ""

